<?xml version="1.0" encoding="UTF-8"?>
<!-- Generated by org.testng.reporters.JUnitReportReporter -->
<testsuite hostname="Indranil-pandey" failures="0" tests="2" name="com.test.example.TestClass" time="0.033" errors="0" timestamp="2021-10-06T14:29:36 IST" skipped="0">
  <testcase classname="com.test.example.TestClass" name="test2" time="0.003"/>
  <system-out/>
  <testcase classname="com.test.example.TestClass" name="test1" time="0.030"/>
  <system-out/>
</testsuite> <!-- com.test.example.TestClass -->
